<?xml version="1.0" encoding="UTF-8"?>
<!-- Generated by org.testng.reporters.JUnitXMLReporter -->
<testsuite ignored="0" hostname="Selva" failures="0" tests="3" name="Default test" time="5.69" errors="0" timestamp="2024-02-20T12:29:52 IST">
  <testcase classname="phaseendproject.Assignement005" name="assignment005_available" time="2.979"/>
  <testcase classname="phaseendproject.Assignement005" name="assignment005_pending" time="1.353"/>
  <testcase classname="phaseendproject.Assignement005" name="assignment005_sold" time="1.306"/>
</testsuite> <!-- Default test -->
