<?xml version="1.0" encoding="UTF-8"?>
<testng-results ignored="0" total="3" passed="3" failed="0" skipped="0">
  <reporter-output>
  </reporter-output>
  <suite started-at="2024-02-20T12:29:47 IST" name="Default suite" finished-at="2024-02-20T12:29:52 IST" duration-ms="5690">
    <groups>
    </groups>
    <test started-at="2024-02-20T12:29:47 IST" name="Default test" finished-at="2024-02-20T12:29:52 IST" duration-ms="5690">
      <class name="phaseendproject.Assignement005">
        <test-method signature="assignment005_available()[pri:0, instance:phaseendproject.Assignement005@7b9a4292]" started-at="2024-02-20T12:29:47 IST" name="assignment005_available" finished-at="2024-02-20T12:29:50 IST" duration-ms="2979" status="PASS">
          <reporter-output>
          </reporter-output>
        </test-method> <!-- assignment005_available -->
        <test-method signature="assignment005_pending()[pri:0, instance:phaseendproject.Assignement005@7b9a4292]" started-at="2024-02-20T12:29:50 IST" name="assignment005_pending" finished-at="2024-02-20T12:29:51 IST" duration-ms="1353" status="PASS">
          <reporter-output>
          </reporter-output>
        </test-method> <!-- assignment005_pending -->
        <test-method signature="assignment005_sold()[pri:0, instance:phaseendproject.Assignement005@7b9a4292]" started-at="2024-02-20T12:29:51 IST" name="assignment005_sold" finished-at="2024-02-20T12:29:52 IST" duration-ms="1306" status="PASS">
          <reporter-output>
          </reporter-output>
        </test-method> <!-- assignment005_sold -->
      </class> <!-- phaseendproject.Assignement005 -->
    </test> <!-- Default test -->
  </suite> <!-- Default suite -->
</testng-results>
